  stdafx.cpp
  AboutScreen.cpp
  AboutScreenMenu.cpp
  ACModComponent.cpp
  AIStrategy.cpp
  Application.cpp
  Armor.cpp
  ArmorDecorator.cpp
  AttackCommand.cpp
  Bat.cpp
  BatAIStrategy.cpp
  CaveMap.cpp
  CaveMapModel.cpp
  CaveMapView.cpp
  Chainmail.cpp
  Chest.cpp
  CloseCommand.cpp
  ColdproofAD.cpp
  CombatManager.cpp
  Command.cpp
  Component.cpp
  Generating Code...
  Compiling...
  Corner.cpp
  Creature.cpp
  CreatureCommand.cpp
  CreatureCommandMessageQueue.cpp
  CreatureController.cpp
  CreatureFactory.cpp
  CreatureObserver.cpp
  Dagger.cpp
  DamageComponent.cpp
  DEHGE.cpp
  DEHRender.cpp
  DEHRL.cpp
  Description.cpp
  DisarmCommand.cpp
  Door.cpp
  Dungeon.cpp
  DungeonCommand.cpp
  DungeonCommandMessageQueue.cpp
  Enemy.cpp
  EnemyProxy.cpp
  Generating Code...
  Compiling...
  EnemyState.cpp
  EnemyStateMessageQueue.cpp
  Entity.cpp
  FireproofAD.cpp
  FlamingWD.cpp
  GameOverScreen.cpp
  GameScreen.cpp
  GodModeCommand.cpp
  Gold.cpp
  GridMap.cpp
  Hallway.cpp
  HitModComponent.cpp
  HurtAIStrategy.cpp
  Image.cpp
  ImageManager.cpp
  Inventory.cpp
  InventoryScreen.cpp
  Item.cpp
  ItemComponent.cpp
  ItemFactory.cpp
  Generating Code...
  Compiling...
  KeyController.cpp
  LeatherArmor.cpp
  LootItem.cpp
  Mace.cpp
  Map.cpp
  MapModel.cpp
  MapView.cpp
  Menu.cpp
  MenuController.cpp
  MenuItem.cpp
  MenuModel.cpp
  MenuScreen.cpp
  MenuScreenMenu.cpp
  Model.cpp
  MouseController.cpp
  MoveCommand.cpp
  MoveDownCommand.cpp
  MoveUpCommand.cpp
  Node.cpp
  OneRoomMap.cpp
  Generating Code...
  Compiling...
  OpenCommand.cpp
  Padded.cpp
  PathAIStrategy.cpp
  Platemail.cpp
  Player.cpp
  PlayerController.cpp
  PlusOneAD.cpp
  PlusOneWD.cpp
  Point.cpp
  PopScreenCommand.cpp
  ProtectionComponent.cpp
  PushScreenCommand.cpp
  QuitCommand.cpp
  Room.cpp
  RunCommand.cpp
  Screen.cpp
  ScreenManager.cpp
  SearchCommand.cpp
  SecretDoor.cpp
  SplashScreen.cpp
  Generating Code...
  Compiling...
  StairsDown.cpp
  StairsUp.cpp
  StandardAIStrategy.cpp
  StandardMapModel.cpp
  StandardMapView.cpp
  StatusBar.cpp
  Sword.cpp
  TerminatorAI.cpp
  Text.cpp
  Trap.cpp
  Trapdoor.cpp
  Trigger.cpp
  View.cpp
  Weapon.cpp
  WeaponDecorator.cpp
  Generating Code...
  DEHRL.vcxproj -> C:\Users\griff\Documents\School\2022W\Game Algorithm\Roguelike Code - Caves\caves\DEHRL Week 13\DEHRL Week 13\Debug\DEHRL.exe
