c:\users\dan\desktop\dehrl\dehrl week 9\dehrl\debug\dehrl.pch
c:\users\dan\desktop\dehrl\dehrl week 9\dehrl\debug\vc140.pdb
c:\users\dan\desktop\dehrl\dehrl week 9\dehrl\debug\vc140.idb
c:\users\dan\desktop\dehrl\dehrl week 9\dehrl\debug\stdafx.obj
c:\users\dan\desktop\dehrl\dehrl week 9\dehrl\debug\creaturefactory.obj
c:\users\dan\desktop\dehrl\dehrl week 9\dehrl\debug\inventoryscreen.obj
c:\users\dan\desktop\dehrl\dehrl week 9\dehrl\debug\statusbar.obj
c:\users\dan\desktop\dehrl\dehrl week 9\dehrl\debug\itemcomponent.obj
c:\users\dan\desktop\dehrl\dehrl week 9\dehrl\debug\player.obj
c:\users\dan\desktop\dehrl\dehrl week 9\dehrl\debug\item.obj
c:\users\dan\desktop\dehrl\dehrl week 9\dehrl\debug\itemfactory.obj
c:\users\dan\desktop\dehrl\dehrl week 9\dehrl\debug\leatherarmor.obj
c:\users\dan\desktop\dehrl\dehrl week 9\dehrl\debug\lootitem.obj
c:\users\dan\desktop\dehrl\dehrl week 9\dehrl\debug\mace.obj
c:\users\dan\desktop\dehrl\dehrl week 9\dehrl\debug\mapmodel.obj
c:\users\dan\desktop\dehrl\dehrl week 9\dehrl\debug\platemail.obj
c:\users\dan\desktop\dehrl\dehrl week 9\dehrl\debug\plusonead.obj
c:\users\dan\desktop\dehrl\dehrl week 9\dehrl\debug\plusonewd.obj
c:\users\dan\desktop\dehrl\dehrl week 9\dehrl\debug\prismaticad.obj
c:\users\dan\desktop\dehrl\dehrl week 9\dehrl\debug\room.obj
c:\users\dan\desktop\dehrl\dehrl week 9\dehrl\debug\secretdoor.obj
c:\users\dan\desktop\dehrl\dehrl week 9\dehrl\debug\stairsdown.obj
c:\users\dan\desktop\dehrl\dehrl week 9\dehrl\debug\stairsup.obj
c:\users\dan\desktop\dehrl\dehrl week 9\dehrl\debug\standardmapmodel.obj
c:\users\dan\desktop\dehrl\dehrl week 9\dehrl\debug\sword.obj
c:\users\dan\desktop\dehrl\dehrl week 9\dehrl\debug\trap.obj
c:\users\dan\desktop\dehrl\dehrl week 9\dehrl\debug\trapdoor.obj
c:\users\dan\desktop\dehrl\dehrl week 9\dehrl\debug\weapon.obj
c:\users\dan\desktop\dehrl\dehrl week 9\dehrl\debug\weapondecorator.obj
c:\users\dan\desktop\dehrl\dehrl week 9\dehrl\debug\bat.obj
c:\users\dan\desktop\dehrl\dehrl week 9\dehrl\debug\chainmail.obj
c:\users\dan\desktop\dehrl\dehrl week 9\dehrl\debug\chest.obj
c:\users\dan\desktop\dehrl\dehrl week 9\dehrl\debug\coldproofad.obj
c:\users\dan\desktop\dehrl\dehrl week 9\dehrl\debug\combatmanager.obj
c:\users\dan\desktop\dehrl\dehrl week 9\dehrl\debug\creature.obj
c:\users\dan\desktop\dehrl\dehrl week 9\dehrl\debug\dehrl.obj
c:\users\dan\desktop\dehrl\dehrl week 9\dehrl\debug\dagger.obj
c:\users\dan\desktop\dehrl\dehrl week 9\dehrl\debug\door.obj
c:\users\dan\desktop\dehrl\dehrl week 9\dehrl\debug\dungeon.obj
c:\users\dan\desktop\dehrl\dehrl week 9\dehrl\debug\enemy.obj
c:\users\dan\desktop\dehrl\dehrl week 9\dehrl\debug\fireproofad.obj
c:\users\dan\desktop\dehrl\dehrl week 9\dehrl\debug\flamingwd.obj
c:\users\dan\desktop\dehrl\dehrl week 9\dehrl\debug\gamescreen.obj
c:\users\dan\desktop\dehrl\dehrl week 9\dehrl\debug\gold.obj
c:\users\dan\desktop\dehrl\dehrl week 9\dehrl\debug\gridmap.obj
c:\users\dan\desktop\dehrl\dehrl week 9\dehrl\debug\hallway.obj
c:\users\dan\desktop\dehrl\dehrl week 9\dehrl\debug\inventory.obj
c:\users\dan\desktop\dehrl\dehrl week 9\dehrl\debug\application.obj
c:\users\dan\desktop\dehrl\dehrl week 9\dehrl\debug\armor.obj
c:\users\dan\desktop\dehrl\dehrl week 9\dehrl\debug\armordecorator.obj
c:\users\dan\desktop\dehrl\dehrl week 9\dehrl\debug\padded.obj
c:\users\dan\desktop\dehrl\dehrl week 9\dehrl\debug\acmodcomponent.obj
c:\users\dan\desktop\dehrl\dehrl week 9\dehrl\debug\hitmodcomponent.obj
c:\users\dan\desktop\dehrl\dehrl week 9\dehrl\debug\protectioncomponent.obj
c:\users\dan\desktop\dehrl\dehrl week 9\dehrl\debug\oneroommap.obj
c:\users\dan\desktop\dehrl\dehrl week 9\dehrl\debug\standardmapview.obj
c:\users\dan\desktop\dehrl\dehrl week 9\dehrl\debug\trigger.obj
c:\users\dan\desktop\dehrl\dehrl week 9\dehrl\debug\entity.obj
c:\users\dan\desktop\dehrl\dehrl week 9\dehrl\debug\map.obj
c:\users\dan\desktop\dehrl\dehrl week 9\dehrl\debug\component.obj
c:\users\dan\desktop\dehrl\dehrl week 9\dehrl\debug\damagecomponent.obj
c:\users\dan\desktop\dehrl\dehrl week 9\dehrl\debug\description.obj
c:\users\dan\desktop\dehrl\dehrl week 9\dehrl\debug\image.obj
c:\users\dan\desktop\dehrl\dehrl week 9\dehrl\debug\imagemanager.obj
c:\users\dan\desktop\dehrl\dehrl week 9\dehrl\debug\splashscreen.obj
c:\users\dan\desktop\dehrl\dehrl week 11\dehrl\debug\dehrl.pch
c:\users\dan\desktop\dehrl\dehrl week 11\dehrl\debug\vc140.pdb
c:\users\dan\desktop\dehrl\dehrl week 11\dehrl\debug\vc140.idb
c:\users\dan\desktop\dehrl\dehrl week 11\dehrl\debug\stdafx.obj
c:\users\dan\desktop\dehrl\dehrl week 11\dehrl\debug\pushscreencommand.obj
c:\users\dan\desktop\dehrl\dehrl week 11\dehrl\debug\quitcommand.obj
c:\users\dan\desktop\dehrl\dehrl week 11\dehrl\debug\room.obj
c:\users\dan\desktop\dehrl\dehrl week 11\dehrl\debug\screen.obj
c:\users\dan\desktop\dehrl\dehrl week 11\dehrl\debug\screenmanager.obj
c:\users\dan\desktop\dehrl\dehrl week 11\dehrl\debug\secretdoor.obj
c:\users\dan\desktop\dehrl\dehrl week 11\dehrl\debug\splashscreen.obj
c:\users\dan\desktop\dehrl\dehrl week 11\dehrl\debug\stairsdown.obj
c:\users\dan\desktop\dehrl\dehrl week 11\dehrl\debug\stairsup.obj
c:\users\dan\desktop\dehrl\dehrl week 11\dehrl\debug\standardmapmodel.obj
c:\users\dan\desktop\dehrl\dehrl week 11\dehrl\debug\standardmapview.obj
c:\users\dan\desktop\dehrl\dehrl week 11\dehrl\debug\statusbar.obj
c:\users\dan\desktop\dehrl\dehrl week 11\dehrl\debug\sword.obj
c:\users\dan\desktop\dehrl\dehrl week 11\dehrl\debug\text.obj
c:\users\dan\desktop\dehrl\dehrl week 11\dehrl\debug\trap.obj
c:\users\dan\desktop\dehrl\dehrl week 11\dehrl\debug\trapdoor.obj
c:\users\dan\desktop\dehrl\dehrl week 11\dehrl\debug\trigger.obj
c:\users\dan\desktop\dehrl\dehrl week 11\dehrl\debug\view.obj
c:\users\dan\desktop\dehrl\dehrl week 11\dehrl\debug\weapon.obj
c:\users\dan\desktop\dehrl\dehrl week 11\dehrl\debug\weapondecorator.obj
c:\users\dan\desktop\dehrl\dehrl week 11\dehrl\debug\map.obj
c:\users\dan\desktop\dehrl\dehrl week 11\dehrl\debug\mapmodel.obj
c:\users\dan\desktop\dehrl\dehrl week 11\dehrl\debug\mapview.obj
c:\users\dan\desktop\dehrl\dehrl week 11\dehrl\debug\menu.obj
c:\users\dan\desktop\dehrl\dehrl week 11\dehrl\debug\menucontroller.obj
c:\users\dan\desktop\dehrl\dehrl week 11\dehrl\debug\menuitem.obj
c:\users\dan\desktop\dehrl\dehrl week 11\dehrl\debug\menumodel.obj
c:\users\dan\desktop\dehrl\dehrl week 11\dehrl\debug\menuscreen.obj
c:\users\dan\desktop\dehrl\dehrl week 11\dehrl\debug\menuscreenmenu.obj
c:\users\dan\desktop\dehrl\dehrl week 11\dehrl\debug\model.obj
c:\users\dan\desktop\dehrl\dehrl week 11\dehrl\debug\mousecontroller.obj
c:\users\dan\desktop\dehrl\dehrl week 11\dehrl\debug\oneroommap.obj
c:\users\dan\desktop\dehrl\dehrl week 11\dehrl\debug\padded.obj
c:\users\dan\desktop\dehrl\dehrl week 11\dehrl\debug\platemail.obj
c:\users\dan\desktop\dehrl\dehrl week 11\dehrl\debug\player.obj
c:\users\dan\desktop\dehrl\dehrl week 11\dehrl\debug\plusonead.obj
c:\users\dan\desktop\dehrl\dehrl week 11\dehrl\debug\plusonewd.obj
c:\users\dan\desktop\dehrl\dehrl week 11\dehrl\debug\point.obj
c:\users\dan\desktop\dehrl\dehrl week 11\dehrl\debug\popscreencommand.obj
c:\users\dan\desktop\dehrl\dehrl week 11\dehrl\debug\protectioncomponent.obj
c:\users\dan\desktop\dehrl\dehrl week 11\dehrl\debug\entity.obj
c:\users\dan\desktop\dehrl\dehrl week 11\dehrl\debug\fireproofad.obj
c:\users\dan\desktop\dehrl\dehrl week 11\dehrl\debug\flamingwd.obj
c:\users\dan\desktop\dehrl\dehrl week 11\dehrl\debug\gameoverscreen.obj
c:\users\dan\desktop\dehrl\dehrl week 11\dehrl\debug\gamescreen.obj
c:\users\dan\desktop\dehrl\dehrl week 11\dehrl\debug\gold.obj
c:\users\dan\desktop\dehrl\dehrl week 11\dehrl\debug\gridmap.obj
c:\users\dan\desktop\dehrl\dehrl week 11\dehrl\debug\hallway.obj
c:\users\dan\desktop\dehrl\dehrl week 11\dehrl\debug\hitmodcomponent.obj
c:\users\dan\desktop\dehrl\dehrl week 11\dehrl\debug\image.obj
c:\users\dan\desktop\dehrl\dehrl week 11\dehrl\debug\imagemanager.obj
c:\users\dan\desktop\dehrl\dehrl week 11\dehrl\debug\inventory.obj
c:\users\dan\desktop\dehrl\dehrl week 11\dehrl\debug\inventoryscreen.obj
c:\users\dan\desktop\dehrl\dehrl week 11\dehrl\debug\item.obj
c:\users\dan\desktop\dehrl\dehrl week 11\dehrl\debug\itemcomponent.obj
c:\users\dan\desktop\dehrl\dehrl week 11\dehrl\debug\itemfactory.obj
c:\users\dan\desktop\dehrl\dehrl week 11\dehrl\debug\keycontroller.obj
c:\users\dan\desktop\dehrl\dehrl week 11\dehrl\debug\leatherarmor.obj
c:\users\dan\desktop\dehrl\dehrl week 11\dehrl\debug\lootitem.obj
c:\users\dan\desktop\dehrl\dehrl week 11\dehrl\debug\mace.obj
c:\users\dan\desktop\dehrl\dehrl week 11\dehrl\debug\coldproofad.obj
c:\users\dan\desktop\dehrl\dehrl week 11\dehrl\debug\combatmanager.obj
c:\users\dan\desktop\dehrl\dehrl week 11\dehrl\debug\command.obj
c:\users\dan\desktop\dehrl\dehrl week 11\dehrl\debug\component.obj
c:\users\dan\desktop\dehrl\dehrl week 11\dehrl\debug\corner.obj
c:\users\dan\desktop\dehrl\dehrl week 11\dehrl\debug\creature.obj
c:\users\dan\desktop\dehrl\dehrl week 11\dehrl\debug\creaturefactory.obj
c:\users\dan\desktop\dehrl\dehrl week 11\dehrl\debug\creatureobserver.obj
c:\users\dan\desktop\dehrl\dehrl week 11\dehrl\debug\dagger.obj
c:\users\dan\desktop\dehrl\dehrl week 11\dehrl\debug\damagecomponent.obj
c:\users\dan\desktop\dehrl\dehrl week 11\dehrl\debug\dehge.obj
c:\users\dan\desktop\dehrl\dehrl week 11\dehrl\debug\dehrender.obj
c:\users\dan\desktop\dehrl\dehrl week 11\dehrl\debug\dehrl.obj
c:\users\dan\desktop\dehrl\dehrl week 11\dehrl\debug\description.obj
c:\users\dan\desktop\dehrl\dehrl week 11\dehrl\debug\door.obj
c:\users\dan\desktop\dehrl\dehrl week 11\dehrl\debug\dungeon.obj
c:\users\dan\desktop\dehrl\dehrl week 11\dehrl\debug\enemy.obj
c:\users\dan\desktop\dehrl\dehrl week 11\dehrl\debug\enemyproxy.obj
c:\users\dan\desktop\dehrl\dehrl week 11\dehrl\debug\enemystate.obj
c:\users\dan\desktop\dehrl\dehrl week 11\dehrl\debug\enemystatemessagequeue.obj
c:\users\dan\desktop\dehrl\dehrl week 11\dehrl\debug\aboutscreen.obj
c:\users\dan\desktop\dehrl\dehrl week 11\dehrl\debug\aboutscreenmenu.obj
c:\users\dan\desktop\dehrl\dehrl week 11\dehrl\debug\acmodcomponent.obj
c:\users\dan\desktop\dehrl\dehrl week 11\dehrl\debug\application.obj
c:\users\dan\desktop\dehrl\dehrl week 11\dehrl\debug\armor.obj
c:\users\dan\desktop\dehrl\dehrl week 11\dehrl\debug\armordecorator.obj
c:\users\dan\desktop\dehrl\dehrl week 11\dehrl\debug\bat.obj
c:\users\dan\desktop\dehrl\dehrl week 11\dehrl\debug\chainmail.obj
c:\users\dan\desktop\dehrl\dehrl week 11\dehrl\debug\chest.obj
c:\users\dan\desktop\dehrl\dehrl week 11\dehrl\debug\attackcommand.obj
c:\users\dan\desktop\dehrl\dehrl week 11\dehrl\debug\closecommand.obj
c:\users\dan\desktop\dehrl\dehrl week 11\dehrl\debug\creaturecommand.obj
c:\users\dan\desktop\dehrl\dehrl week 11\dehrl\debug\dungeoncommand.obj
c:\users\dan\desktop\dehrl\dehrl week 11\dehrl\debug\movecommand.obj
c:\users\dan\desktop\dehrl\dehrl week 11\dehrl\debug\opencommand.obj
c:\users\dan\desktop\dehrl\dehrl week 11\dehrl\debug\dungeoncommandmessagequeue.obj
c:\users\dan\desktop\dehrl\dehrl week 11\dehrl\debug\creaturecommandmessagequeue.obj
c:\users\dan\desktop\dehrl\dehrl week 11\dehrl\debug\creaturecontroller.obj
c:\users\dan\desktop\dehrl\dehrl week 11\dehrl\debug\playercontroller.obj
c:\users\dan\desktop\dehrl\dehrl week 11\dehrl\debug\moveupcommand.obj
c:\users\dan\desktop\dehrl\dehrl week 11\dehrl\debug\movedowncommand.obj
c:\users\dan\desktop\dehrl\dehrl week 11\dehrl\debug\disarmcommand.obj
c:\users\dan\desktop\dehrl\dehrl week 11\dehrl\debug\searchcommand.obj
c:\users\dan\desktop\dehrl\dehrl week 11\dehrl\debug\runcommand.obj
c:\users\dan\desktop\dehrl\dehrl week 12\dehrl\debug\dehrl.pch
c:\users\dan\desktop\dehrl\dehrl week 12\dehrl\debug\vc140.pdb
c:\users\dan\desktop\dehrl\dehrl week 12\dehrl\debug\vc140.idb
c:\users\dan\desktop\dehrl\dehrl week 12\dehrl\debug\stdafx.obj
c:\users\dan\desktop\dehrl\dehrl week 12\dehrl\debug\runcommand.obj
c:\users\dan\desktop\dehrl\dehrl week 12\dehrl\debug\screen.obj
c:\users\dan\desktop\dehrl\dehrl week 12\dehrl\debug\screenmanager.obj
c:\users\dan\desktop\dehrl\dehrl week 12\dehrl\debug\searchcommand.obj
c:\users\dan\desktop\dehrl\dehrl week 12\dehrl\debug\secretdoor.obj
c:\users\dan\desktop\dehrl\dehrl week 12\dehrl\debug\splashscreen.obj
c:\users\dan\desktop\dehrl\dehrl week 12\dehrl\debug\stairsdown.obj
c:\users\dan\desktop\dehrl\dehrl week 12\dehrl\debug\stairsup.obj
c:\users\dan\desktop\dehrl\dehrl week 12\dehrl\debug\standardmapmodel.obj
c:\users\dan\desktop\dehrl\dehrl week 12\dehrl\debug\standardmapview.obj
c:\users\dan\desktop\dehrl\dehrl week 12\dehrl\debug\statusbar.obj
c:\users\dan\desktop\dehrl\dehrl week 12\dehrl\debug\sword.obj
c:\users\dan\desktop\dehrl\dehrl week 12\dehrl\debug\terminatorai.obj
c:\users\dan\desktop\dehrl\dehrl week 12\dehrl\debug\text.obj
c:\users\dan\desktop\dehrl\dehrl week 12\dehrl\debug\trap.obj
c:\users\dan\desktop\dehrl\dehrl week 12\dehrl\debug\trapdoor.obj
c:\users\dan\desktop\dehrl\dehrl week 12\dehrl\debug\trigger.obj
c:\users\dan\desktop\dehrl\dehrl week 12\dehrl\debug\view.obj
c:\users\dan\desktop\dehrl\dehrl week 12\dehrl\debug\weapon.obj
c:\users\dan\desktop\dehrl\dehrl week 12\dehrl\debug\weapondecorator.obj
c:\users\dan\desktop\dehrl\dehrl week 12\dehrl\debug\menuscreenmenu.obj
c:\users\dan\desktop\dehrl\dehrl week 12\dehrl\debug\model.obj
c:\users\dan\desktop\dehrl\dehrl week 12\dehrl\debug\mousecontroller.obj
c:\users\dan\desktop\dehrl\dehrl week 12\dehrl\debug\movecommand.obj
c:\users\dan\desktop\dehrl\dehrl week 12\dehrl\debug\movedowncommand.obj
c:\users\dan\desktop\dehrl\dehrl week 12\dehrl\debug\moveupcommand.obj
c:\users\dan\desktop\dehrl\dehrl week 12\dehrl\debug\oneroommap.obj
c:\users\dan\desktop\dehrl\dehrl week 12\dehrl\debug\opencommand.obj
c:\users\dan\desktop\dehrl\dehrl week 12\dehrl\debug\padded.obj
c:\users\dan\desktop\dehrl\dehrl week 12\dehrl\debug\platemail.obj
c:\users\dan\desktop\dehrl\dehrl week 12\dehrl\debug\player.obj
c:\users\dan\desktop\dehrl\dehrl week 12\dehrl\debug\playercontroller.obj
c:\users\dan\desktop\dehrl\dehrl week 12\dehrl\debug\plusonead.obj
c:\users\dan\desktop\dehrl\dehrl week 12\dehrl\debug\plusonewd.obj
c:\users\dan\desktop\dehrl\dehrl week 12\dehrl\debug\point.obj
c:\users\dan\desktop\dehrl\dehrl week 12\dehrl\debug\popscreencommand.obj
c:\users\dan\desktop\dehrl\dehrl week 12\dehrl\debug\protectioncomponent.obj
c:\users\dan\desktop\dehrl\dehrl week 12\dehrl\debug\pushscreencommand.obj
c:\users\dan\desktop\dehrl\dehrl week 12\dehrl\debug\quitcommand.obj
c:\users\dan\desktop\dehrl\dehrl week 12\dehrl\debug\room.obj
c:\users\dan\desktop\dehrl\dehrl week 12\dehrl\debug\hitmodcomponent.obj
c:\users\dan\desktop\dehrl\dehrl week 12\dehrl\debug\image.obj
c:\users\dan\desktop\dehrl\dehrl week 12\dehrl\debug\imagemanager.obj
c:\users\dan\desktop\dehrl\dehrl week 12\dehrl\debug\inventory.obj
c:\users\dan\desktop\dehrl\dehrl week 12\dehrl\debug\inventoryscreen.obj
c:\users\dan\desktop\dehrl\dehrl week 12\dehrl\debug\item.obj
c:\users\dan\desktop\dehrl\dehrl week 12\dehrl\debug\itemcomponent.obj
c:\users\dan\desktop\dehrl\dehrl week 12\dehrl\debug\itemfactory.obj
c:\users\dan\desktop\dehrl\dehrl week 12\dehrl\debug\keycontroller.obj
c:\users\dan\desktop\dehrl\dehrl week 12\dehrl\debug\leatherarmor.obj
c:\users\dan\desktop\dehrl\dehrl week 12\dehrl\debug\lootitem.obj
c:\users\dan\desktop\dehrl\dehrl week 12\dehrl\debug\mace.obj
c:\users\dan\desktop\dehrl\dehrl week 12\dehrl\debug\map.obj
c:\users\dan\desktop\dehrl\dehrl week 12\dehrl\debug\mapmodel.obj
c:\users\dan\desktop\dehrl\dehrl week 12\dehrl\debug\mapview.obj
c:\users\dan\desktop\dehrl\dehrl week 12\dehrl\debug\menu.obj
c:\users\dan\desktop\dehrl\dehrl week 12\dehrl\debug\menucontroller.obj
c:\users\dan\desktop\dehrl\dehrl week 12\dehrl\debug\menuitem.obj
c:\users\dan\desktop\dehrl\dehrl week 12\dehrl\debug\menumodel.obj
c:\users\dan\desktop\dehrl\dehrl week 12\dehrl\debug\menuscreen.obj
c:\users\dan\desktop\dehrl\dehrl week 12\dehrl\debug\dehrender.obj
c:\users\dan\desktop\dehrl\dehrl week 12\dehrl\debug\dehrl.obj
c:\users\dan\desktop\dehrl\dehrl week 12\dehrl\debug\description.obj
c:\users\dan\desktop\dehrl\dehrl week 12\dehrl\debug\disarmcommand.obj
c:\users\dan\desktop\dehrl\dehrl week 12\dehrl\debug\door.obj
c:\users\dan\desktop\dehrl\dehrl week 12\dehrl\debug\dungeon.obj
c:\users\dan\desktop\dehrl\dehrl week 12\dehrl\debug\dungeoncommand.obj
c:\users\dan\desktop\dehrl\dehrl week 12\dehrl\debug\dungeoncommandmessagequeue.obj
c:\users\dan\desktop\dehrl\dehrl week 12\dehrl\debug\enemy.obj
c:\users\dan\desktop\dehrl\dehrl week 12\dehrl\debug\enemyproxy.obj
c:\users\dan\desktop\dehrl\dehrl week 12\dehrl\debug\enemystate.obj
c:\users\dan\desktop\dehrl\dehrl week 12\dehrl\debug\enemystatemessagequeue.obj
c:\users\dan\desktop\dehrl\dehrl week 12\dehrl\debug\entity.obj
c:\users\dan\desktop\dehrl\dehrl week 12\dehrl\debug\fireproofad.obj
c:\users\dan\desktop\dehrl\dehrl week 12\dehrl\debug\flamingwd.obj
c:\users\dan\desktop\dehrl\dehrl week 12\dehrl\debug\gameoverscreen.obj
c:\users\dan\desktop\dehrl\dehrl week 12\dehrl\debug\gamescreen.obj
c:\users\dan\desktop\dehrl\dehrl week 12\dehrl\debug\gold.obj
c:\users\dan\desktop\dehrl\dehrl week 12\dehrl\debug\gridmap.obj
c:\users\dan\desktop\dehrl\dehrl week 12\dehrl\debug\hallway.obj
c:\users\dan\desktop\dehrl\dehrl week 12\dehrl\debug\armordecorator.obj
c:\users\dan\desktop\dehrl\dehrl week 12\dehrl\debug\attackcommand.obj
c:\users\dan\desktop\dehrl\dehrl week 12\dehrl\debug\bat.obj
c:\users\dan\desktop\dehrl\dehrl week 12\dehrl\debug\chainmail.obj
c:\users\dan\desktop\dehrl\dehrl week 12\dehrl\debug\chest.obj
c:\users\dan\desktop\dehrl\dehrl week 12\dehrl\debug\closecommand.obj
c:\users\dan\desktop\dehrl\dehrl week 12\dehrl\debug\coldproofad.obj
c:\users\dan\desktop\dehrl\dehrl week 12\dehrl\debug\combatmanager.obj
c:\users\dan\desktop\dehrl\dehrl week 12\dehrl\debug\command.obj
c:\users\dan\desktop\dehrl\dehrl week 12\dehrl\debug\component.obj
c:\users\dan\desktop\dehrl\dehrl week 12\dehrl\debug\corner.obj
c:\users\dan\desktop\dehrl\dehrl week 12\dehrl\debug\creature.obj
c:\users\dan\desktop\dehrl\dehrl week 12\dehrl\debug\creaturecommand.obj
c:\users\dan\desktop\dehrl\dehrl week 12\dehrl\debug\creaturecommandmessagequeue.obj
c:\users\dan\desktop\dehrl\dehrl week 12\dehrl\debug\creaturecontroller.obj
c:\users\dan\desktop\dehrl\dehrl week 12\dehrl\debug\creaturefactory.obj
c:\users\dan\desktop\dehrl\dehrl week 12\dehrl\debug\creatureobserver.obj
c:\users\dan\desktop\dehrl\dehrl week 12\dehrl\debug\dagger.obj
c:\users\dan\desktop\dehrl\dehrl week 12\dehrl\debug\damagecomponent.obj
c:\users\dan\desktop\dehrl\dehrl week 12\dehrl\debug\dehge.obj
c:\users\dan\desktop\dehrl\dehrl week 12\dehrl\debug\aboutscreen.obj
c:\users\dan\desktop\dehrl\dehrl week 12\dehrl\debug\aboutscreenmenu.obj
c:\users\dan\desktop\dehrl\dehrl week 12\dehrl\debug\acmodcomponent.obj
c:\users\dan\desktop\dehrl\dehrl week 12\dehrl\debug\application.obj
c:\users\dan\desktop\dehrl\dehrl week 12\dehrl\debug\armor.obj
c:\users\dan\desktop\dehrl\dehrl week 12\dehrl\debug\aistrategy.obj
c:\users\dan\desktop\dehrl\dehrl week 12\dehrl\debug\bataistrategy.obj
c:\users\dan\desktop\dehrl\dehrl week 12\dehrl\debug\hurtaistrategy.obj
c:\users\dan\desktop\dehrl\dehrl week 12\dehrl\debug\standardaistrategy.obj
c:\users\dan\desktop\dehrl\dehrl week 13\dehrl\debug\dehrl.pch
c:\users\dan\desktop\dehrl\dehrl week 13\dehrl\debug\vc140.pdb
c:\users\dan\desktop\dehrl\dehrl week 13\dehrl\debug\vc140.idb
c:\users\dan\desktop\dehrl\dehrl week 13\dehrl\debug\stdafx.obj
c:\users\dan\desktop\dehrl\dehrl week 13\dehrl\debug\screen.obj
c:\users\dan\desktop\dehrl\dehrl week 13\dehrl\debug\screenmanager.obj
c:\users\dan\desktop\dehrl\dehrl week 13\dehrl\debug\searchcommand.obj
c:\users\dan\desktop\dehrl\dehrl week 13\dehrl\debug\secretdoor.obj
c:\users\dan\desktop\dehrl\dehrl week 13\dehrl\debug\splashscreen.obj
c:\users\dan\desktop\dehrl\dehrl week 13\dehrl\debug\stairsdown.obj
c:\users\dan\desktop\dehrl\dehrl week 13\dehrl\debug\stairsup.obj
c:\users\dan\desktop\dehrl\dehrl week 13\dehrl\debug\standardaistrategy.obj
c:\users\dan\desktop\dehrl\dehrl week 13\dehrl\debug\standardmapmodel.obj
c:\users\dan\desktop\dehrl\dehrl week 13\dehrl\debug\standardmapview.obj
c:\users\dan\desktop\dehrl\dehrl week 13\dehrl\debug\statusbar.obj
c:\users\dan\desktop\dehrl\dehrl week 13\dehrl\debug\sword.obj
c:\users\dan\desktop\dehrl\dehrl week 13\dehrl\debug\terminatorai.obj
c:\users\dan\desktop\dehrl\dehrl week 13\dehrl\debug\text.obj
c:\users\dan\desktop\dehrl\dehrl week 13\dehrl\debug\trap.obj
c:\users\dan\desktop\dehrl\dehrl week 13\dehrl\debug\trapdoor.obj
c:\users\dan\desktop\dehrl\dehrl week 13\dehrl\debug\trigger.obj
c:\users\dan\desktop\dehrl\dehrl week 13\dehrl\debug\view.obj
c:\users\dan\desktop\dehrl\dehrl week 13\dehrl\debug\weapon.obj
c:\users\dan\desktop\dehrl\dehrl week 13\dehrl\debug\weapondecorator.obj
c:\users\dan\desktop\dehrl\dehrl week 13\dehrl\debug\model.obj
c:\users\dan\desktop\dehrl\dehrl week 13\dehrl\debug\mousecontroller.obj
c:\users\dan\desktop\dehrl\dehrl week 13\dehrl\debug\movecommand.obj
c:\users\dan\desktop\dehrl\dehrl week 13\dehrl\debug\movedowncommand.obj
c:\users\dan\desktop\dehrl\dehrl week 13\dehrl\debug\moveupcommand.obj
c:\users\dan\desktop\dehrl\dehrl week 13\dehrl\debug\oneroommap.obj
c:\users\dan\desktop\dehrl\dehrl week 13\dehrl\debug\opencommand.obj
c:\users\dan\desktop\dehrl\dehrl week 13\dehrl\debug\padded.obj
c:\users\dan\desktop\dehrl\dehrl week 13\dehrl\debug\platemail.obj
c:\users\dan\desktop\dehrl\dehrl week 13\dehrl\debug\player.obj
c:\users\dan\desktop\dehrl\dehrl week 13\dehrl\debug\playercontroller.obj
c:\users\dan\desktop\dehrl\dehrl week 13\dehrl\debug\plusonead.obj
c:\users\dan\desktop\dehrl\dehrl week 13\dehrl\debug\plusonewd.obj
c:\users\dan\desktop\dehrl\dehrl week 13\dehrl\debug\point.obj
c:\users\dan\desktop\dehrl\dehrl week 13\dehrl\debug\popscreencommand.obj
c:\users\dan\desktop\dehrl\dehrl week 13\dehrl\debug\protectioncomponent.obj
c:\users\dan\desktop\dehrl\dehrl week 13\dehrl\debug\pushscreencommand.obj
c:\users\dan\desktop\dehrl\dehrl week 13\dehrl\debug\quitcommand.obj
c:\users\dan\desktop\dehrl\dehrl week 13\dehrl\debug\room.obj
c:\users\dan\desktop\dehrl\dehrl week 13\dehrl\debug\runcommand.obj
c:\users\dan\desktop\dehrl\dehrl week 13\dehrl\debug\image.obj
c:\users\dan\desktop\dehrl\dehrl week 13\dehrl\debug\imagemanager.obj
c:\users\dan\desktop\dehrl\dehrl week 13\dehrl\debug\inventory.obj
c:\users\dan\desktop\dehrl\dehrl week 13\dehrl\debug\inventoryscreen.obj
c:\users\dan\desktop\dehrl\dehrl week 13\dehrl\debug\item.obj
c:\users\dan\desktop\dehrl\dehrl week 13\dehrl\debug\itemcomponent.obj
c:\users\dan\desktop\dehrl\dehrl week 13\dehrl\debug\itemfactory.obj
c:\users\dan\desktop\dehrl\dehrl week 13\dehrl\debug\keycontroller.obj
c:\users\dan\desktop\dehrl\dehrl week 13\dehrl\debug\leatherarmor.obj
c:\users\dan\desktop\dehrl\dehrl week 13\dehrl\debug\lootitem.obj
c:\users\dan\desktop\dehrl\dehrl week 13\dehrl\debug\mace.obj
c:\users\dan\desktop\dehrl\dehrl week 13\dehrl\debug\map.obj
c:\users\dan\desktop\dehrl\dehrl week 13\dehrl\debug\mapmodel.obj
c:\users\dan\desktop\dehrl\dehrl week 13\dehrl\debug\mapview.obj
c:\users\dan\desktop\dehrl\dehrl week 13\dehrl\debug\menu.obj
c:\users\dan\desktop\dehrl\dehrl week 13\dehrl\debug\menucontroller.obj
c:\users\dan\desktop\dehrl\dehrl week 13\dehrl\debug\menuitem.obj
c:\users\dan\desktop\dehrl\dehrl week 13\dehrl\debug\menumodel.obj
c:\users\dan\desktop\dehrl\dehrl week 13\dehrl\debug\menuscreen.obj
c:\users\dan\desktop\dehrl\dehrl week 13\dehrl\debug\menuscreenmenu.obj
c:\users\dan\desktop\dehrl\dehrl week 13\dehrl\debug\description.obj
c:\users\dan\desktop\dehrl\dehrl week 13\dehrl\debug\disarmcommand.obj
c:\users\dan\desktop\dehrl\dehrl week 13\dehrl\debug\door.obj
c:\users\dan\desktop\dehrl\dehrl week 13\dehrl\debug\dungeon.obj
c:\users\dan\desktop\dehrl\dehrl week 13\dehrl\debug\dungeoncommand.obj
c:\users\dan\desktop\dehrl\dehrl week 13\dehrl\debug\dungeoncommandmessagequeue.obj
c:\users\dan\desktop\dehrl\dehrl week 13\dehrl\debug\enemy.obj
c:\users\dan\desktop\dehrl\dehrl week 13\dehrl\debug\enemyproxy.obj
c:\users\dan\desktop\dehrl\dehrl week 13\dehrl\debug\enemystate.obj
c:\users\dan\desktop\dehrl\dehrl week 13\dehrl\debug\enemystatemessagequeue.obj
c:\users\dan\desktop\dehrl\dehrl week 13\dehrl\debug\entity.obj
c:\users\dan\desktop\dehrl\dehrl week 13\dehrl\debug\fireproofad.obj
c:\users\dan\desktop\dehrl\dehrl week 13\dehrl\debug\flamingwd.obj
c:\users\dan\desktop\dehrl\dehrl week 13\dehrl\debug\gameoverscreen.obj
c:\users\dan\desktop\dehrl\dehrl week 13\dehrl\debug\gamescreen.obj
c:\users\dan\desktop\dehrl\dehrl week 13\dehrl\debug\gold.obj
c:\users\dan\desktop\dehrl\dehrl week 13\dehrl\debug\gridmap.obj
c:\users\dan\desktop\dehrl\dehrl week 13\dehrl\debug\hallway.obj
c:\users\dan\desktop\dehrl\dehrl week 13\dehrl\debug\hitmodcomponent.obj
c:\users\dan\desktop\dehrl\dehrl week 13\dehrl\debug\hurtaistrategy.obj
c:\users\dan\desktop\dehrl\dehrl week 13\dehrl\debug\bataistrategy.obj
c:\users\dan\desktop\dehrl\dehrl week 13\dehrl\debug\chainmail.obj
c:\users\dan\desktop\dehrl\dehrl week 13\dehrl\debug\chest.obj
c:\users\dan\desktop\dehrl\dehrl week 13\dehrl\debug\closecommand.obj
c:\users\dan\desktop\dehrl\dehrl week 13\dehrl\debug\coldproofad.obj
c:\users\dan\desktop\dehrl\dehrl week 13\dehrl\debug\combatmanager.obj
c:\users\dan\desktop\dehrl\dehrl week 13\dehrl\debug\command.obj
c:\users\dan\desktop\dehrl\dehrl week 13\dehrl\debug\component.obj
c:\users\dan\desktop\dehrl\dehrl week 13\dehrl\debug\corner.obj
c:\users\dan\desktop\dehrl\dehrl week 13\dehrl\debug\creature.obj
c:\users\dan\desktop\dehrl\dehrl week 13\dehrl\debug\creaturecommand.obj
c:\users\dan\desktop\dehrl\dehrl week 13\dehrl\debug\creaturecommandmessagequeue.obj
c:\users\dan\desktop\dehrl\dehrl week 13\dehrl\debug\creaturecontroller.obj
c:\users\dan\desktop\dehrl\dehrl week 13\dehrl\debug\creaturefactory.obj
c:\users\dan\desktop\dehrl\dehrl week 13\dehrl\debug\creatureobserver.obj
c:\users\dan\desktop\dehrl\dehrl week 13\dehrl\debug\dagger.obj
c:\users\dan\desktop\dehrl\dehrl week 13\dehrl\debug\damagecomponent.obj
c:\users\dan\desktop\dehrl\dehrl week 13\dehrl\debug\dehge.obj
c:\users\dan\desktop\dehrl\dehrl week 13\dehrl\debug\dehrender.obj
c:\users\dan\desktop\dehrl\dehrl week 13\dehrl\debug\dehrl.obj
c:\users\dan\desktop\dehrl\dehrl week 13\dehrl\debug\aboutscreen.obj
c:\users\dan\desktop\dehrl\dehrl week 13\dehrl\debug\aboutscreenmenu.obj
c:\users\dan\desktop\dehrl\dehrl week 13\dehrl\debug\acmodcomponent.obj
c:\users\dan\desktop\dehrl\dehrl week 13\dehrl\debug\aistrategy.obj
c:\users\dan\desktop\dehrl\dehrl week 13\dehrl\debug\application.obj
c:\users\dan\desktop\dehrl\dehrl week 13\dehrl\debug\armor.obj
c:\users\dan\desktop\dehrl\dehrl week 13\dehrl\debug\armordecorator.obj
c:\users\dan\desktop\dehrl\dehrl week 13\dehrl\debug\attackcommand.obj
c:\users\dan\desktop\dehrl\dehrl week 13\dehrl\debug\bat.obj
c:\users\dan\desktop\dehrl\dehrl week 13\dehrl\debug\cavemap.obj
c:\users\dan\desktop\dehrl\dehrl week 13\dehrl\debug\cavemapmodel.obj
c:\users\dan\desktop\dehrl\dehrl week 13\dehrl\debug\cavemapview.obj
c:\users\dan\desktop\dehrl\dehrl week 13\dehrl\debug\node.obj
c:\users\dan\desktop\dehrl\dehrl week 9\debug\dehrl.ilk
c:\users\dan\desktop\dehrl\dehrl week 9\debug\dehrl.exe
c:\users\dan\desktop\dehrl\dehrl week 9\debug\dehrl.pdb
c:\users\dan\desktop\dehrl\dehrl week 11\debug\dehrl.ilk
c:\users\dan\desktop\dehrl\dehrl week 11\debug\dehrl.exe
c:\users\dan\desktop\dehrl\dehrl week 11\debug\dehrl.pdb
c:\users\dan\desktop\dehrl\dehrl week 12\debug\dehrl.ilk
c:\users\dan\desktop\dehrl\dehrl week 12\debug\dehrl.exe
c:\users\dan\desktop\dehrl\dehrl week 12\debug\dehrl.pdb
c:\users\dan\desktop\dehrl\dehrl week 13\debug\dehrl.ilk
c:\users\dan\desktop\dehrl\dehrl week 13\debug\dehrl.exe
c:\users\dan\desktop\dehrl\dehrl week 13\debug\dehrl.pdb
c:\users\dan\desktop\dehrl\dehrl week 9\dehrl\debug\dehrl.res
c:\users\dan\desktop\dehrl\dehrl week 11\dehrl\debug\dehrl.res
c:\users\dan\desktop\dehrl\dehrl week 12\dehrl\debug\dehrl.res
c:\users\dan\desktop\dehrl\dehrl week 13\dehrl\debug\dehrl.res
c:\users\dan\desktop\dehrl\dehrl week 13\dehrl\debug\prismaticad.obj
c:\users\dan\desktop\dehrl\dehrl week 13\dehrl\debug\standardmapmodel.obj.enc
c:\users\dan\desktop\dehrl\dehrl week 13\dehrl\debug\dehrl.tlog\cl.command.1.tlog
c:\users\dan\desktop\dehrl\dehrl week 13\dehrl\debug\dehrl.tlog\cl.read.1.tlog
c:\users\dan\desktop\dehrl\dehrl week 13\dehrl\debug\dehrl.tlog\cl.write.1.tlog
c:\users\dan\desktop\dehrl\dehrl week 13\dehrl\debug\dehrl.tlog\link.command.1.tlog
c:\users\dan\desktop\dehrl\dehrl week 13\dehrl\debug\dehrl.tlog\link.read.1.tlog
c:\users\dan\desktop\dehrl\dehrl week 13\dehrl\debug\dehrl.tlog\link.write.1.tlog
c:\users\dan\desktop\dehrl\dehrl week 13\dehrl\debug\dehrl.tlog\rc.command.1.tlog
c:\users\dan\desktop\dehrl\dehrl week 13\dehrl\debug\dehrl.tlog\rc.read.1.tlog
c:\users\dan\desktop\dehrl\dehrl week 13\dehrl\debug\dehrl.tlog\rc.write.1.tlog
